<?xml version="1.0" encoding="UTF-8"?>
<!-- Generated by org.testng.reporters.JUnitReportReporter -->
<testsuite skipped="0" hostname="DESKTOP-RFNVP02" name="org.test.C" tests="3" failures="0" timestamp="06 Jan 2022 09:12:27 GMT" time="0.039" errors="0">
  <testcase name="tc111" time="0.007" classname="org.test.C"/>
  <testcase name="tc222" time="0.018" classname="org.test.C"/>
  <testcase name="tc333" time="0.014" classname="org.test.C"/>
</testsuite> <!-- org.test.C -->
