<?xml version="1.0" encoding="UTF-8"?>
<!-- Generated by org.testng.reporters.JUnitReportReporter -->
<testsuite skipped="0" hostname="DESKTOP-RFNVP02" name="org.test.A" tests="3" failures="0" timestamp="06 Jan 2022 09:12:27 GMT" time="0.053" errors="0">
  <testcase name="tc2" time="0.002" classname="org.test.A"/>
  <testcase name="tc1" time="0.025" classname="org.test.A"/>
  <testcase name="tc3" time="0.026" classname="org.test.A"/>
</testsuite> <!-- org.test.A -->
