<?xml version="1.0" encoding="UTF-8"?>
<!-- Generated by org.testng.reporters.JUnitReportReporter -->
<testsuite skipped="0" hostname="DESKTOP-RFNVP02" name="org.test.B" tests="3" failures="0" timestamp="06 Jan 2022 09:12:27 GMT" time="0.012" errors="0">
  <testcase name="tc13" time="0.002" classname="org.test.B"/>
  <testcase name="tc12" time="0.007" classname="org.test.B"/>
  <testcase name="tc11" time="0.003" classname="org.test.B"/>
</testsuite> <!-- org.test.B -->
